app/build/outputs/logs/manifest-merger-debug-report.txt
-- Merging decision tree log ---
manifest
ADDED from src/main/AndroidManifest.xml:2:1-284:12
INJECTED from src/main/AndroidManifest.xml:2:1-284:12
INJECTED from src/main/AndroidManifest.xml:2:1-284:12
INJECTED from src/main/AndroidManifest.xml:2:1-284:12
MERGED from [com.android.support:design:26.1.0] AndroidManifest.xml:17:1-31:12
MERGED from [com.android.support:appcompat-v7:26.1.0] AndroidManifest.xml:17:1-31:12
MERGED from [com.android.support:transition:26.1.0] AndroidManifest.xml:17:1-28:12
MERGED from [com.google.android.gms:play-services-ads:11.8.0] AndroidManifest.xml:17:1-25:12
MERGED from [com.google.android.gms:play-services-ads-lite:11.8.0] AndroidManifest.xml:17:1-36:12
MERGED from [com.google.android.gms:play-services-gass:11.8.0] AndroidManifest.xml:2:1-9:12
MERGED from [com.google.android.gms:play-services-basement:11.8.0] AndroidManifest.xml:17:1-28:12
MERGED from [com.android.support:support-v4:26.1.0] AndroidManifest.xml:17:1-31:12
MERGED from [com.android.support:cardview-v7:26.1.0] AndroidManifest.xml:17:1-28:12
MERGED from [com.android.support.constraint:constraint-layout:1.0.2] AndroidManifest.xml:2:1-11:12
MERGED from [com.android.support:animated-vector-drawable:26.1.0] AndroidManifest.xml:17:1-28:12
MERGED from [com.android.support:support-vector-drawable:26.1.0] AndroidManifest.xml:17:1-28:12
MERGED from [com.android.support:recyclerview-v7:26.1.0] AndroidManifest.xml:17:1-28:12
MERGED from [com.android.support:support-fragment:26.1.0] AndroidManifest.xml:17:1-31:12
MERGED from [com.android.support:support-core-ui:26.1.0] AndroidManifest.xml:17:1-31:12
MERGED from [com.android.support:support-media-compat:26.1.0] AndroidManifest.xml:17:1-31:12
MERGED from [com.android.support:support-core-utils:26.1.0] AndroidManifest.xml:17:1-31:12
MERGED from [com.android.support:support-compat:26.1.0] AndroidManifest.xml:17:1-31:12
MERGED from [com.google.android.gms:play-services-ads-license:11.8.0] AndroidManifest.xml:2:1-6:12
MERGED from [android.arch.lifecycle:runtime:1.0.0] AndroidManifest.xml:17:1-30:12
MERGED from [com.google.android.gms:play-services-ads-lite-license:11.8.0] AndroidManifest.xml:2:1-6:12
MERGED from [com.google.android.gms:play-services-basement-license:11.8.0] AndroidManifest.xml:2:1-6:12
MERGED from [com.google.android.gms:play-services-gass-license:11.8.0] AndroidManifest.xml:2:1-6:12
INJECTED from src/main/AndroidManifest.xml:2:1-284:12
INJECTED from src/main/AndroidManifest.xml:2:1-284:12
INJECTED from src/main/AndroidManifest.xml:2:1-284:12
	package
		ADDED from src/main/AndroidManifest.xml:3:5-42
		INJECTED from src/main/AndroidManifest.xml
		INJECTED from src/main/AndroidManifest.xml
	android:versionName
		INJECTED from src/main/AndroidManifest.xml
		ADDED from src/main/AndroidManifest.xml:2:1-284:12
		INJECTED from src/main/AndroidManifest.xml
	android:versionCode
		INJECTED from src/main/AndroidManifest.xml
		ADDED from src/main/AndroidManifest.xml:2:1-284:12
		INJECTED from src/main/AndroidManifest.xml
	xmlns:android
		ADDED from src/main/AndroidManifest.xml:2:11-69
uses-permission#android.permission.INTERNET
ADDED from src/main/AndroidManifest.xml:5:5-67
MERGED from [com.google.android.gms:play-services-ads-lite:11.8.0] AndroidManifest.xml:23:5-67
MERGED from [com.google.android.gms:play-services-ads-lite:11.8.0] AndroidManifest.xml:23:5-67
	android:name
		ADDED from src/main/AndroidManifest.xml:5:22-64
uses-permission#android.permission.ACCESS_NETWORK_STATE
ADDED from src/main/AndroidManifest.xml:6:5-79
MERGED from [com.google.android.gms:play-services-ads-lite:11.8.0] AndroidManifest.xml:24:5-79
MERGED from [com.google.android.gms:play-services-ads-lite:11.8.0] AndroidManifest.xml:24:5-79
	android:name
		ADDED from src/main/AndroidManifest.xml:6:22-76
uses-permission#com.android.vending.BILLING
ADDED from src/main/AndroidManifest.xml:7:5-67
	android:name
		ADDED from src/main/AndroidManifest.xml:7:22-64
application
ADDED from src/main/AndroidManifest.xml:9:5-282:19
MERGED from [com.android.support:design:26.1.0] AndroidManifest.xml:25:5-29:19
MERGED from [com.android.support:design:26.1.0] AndroidManifest.xml:25:5-29:19
MERGED from [com.android.support:appcompat-v7:26.1.0] AndroidManifest.xml:25:5-29:19
MERGED from [com.android.support:appcompat-v7:26.1.0] AndroidManifest.xml:25:5-29:19
MERGED from [com.android.support:transition:26.1.0] AndroidManifest.xml:22:5-26:19
MERGED from [com.android.support:transition:26.1.0] AndroidManifest.xml:22:5-26:19
MERGED from [com.google.android.gms:play-services-ads-lite:11.8.0] AndroidManifest.xml:26:5-34:19
MERGED from [com.google.android.gms:play-services-ads-lite:11.8.0] AndroidManifest.xml:26:5-34:19
MERGED from [com.google.android.gms:play-services-gass:11.8.0] AndroidManifest.xml:7:5-20
MERGED from [com.google.android.gms:play-services-gass:11.8.0] AndroidManifest.xml:7:5-20
MERGED from [com.google.android.gms:play-services-basement:11.8.0] AndroidManifest.xml:22:5-26:19
MERGED from [com.google.android.gms:play-services-basement:11.8.0] AndroidManifest.xml:22:5-26:19
MERGED from [com.android.support:support-v4:26.1.0] AndroidManifest.xml:25:5-29:19
MERGED from [com.android.support:support-v4:26.1.0] AndroidManifest.xml:25:5-29:19
MERGED from [com.android.support:cardview-v7:26.1.0] AndroidManifest.xml:22:5-26:19
MERGED from [com.android.support:cardview-v7:26.1.0] AndroidManifest.xml:22:5-26:19
MERGED from [com.android.support.constraint:constraint-layout:1.0.2] AndroidManifest.xml:9:5-20
MERGED from [com.android.support.constraint:constraint-layout:1.0.2] AndroidManifest.xml:9:5-20
MERGED from [com.android.support:animated-vector-drawable:26.1.0] AndroidManifest.xml:22:5-26:19
MERGED from [com.android.support:animated-vector-drawable:26.1.0] AndroidManifest.xml:22:5-26:19
MERGED from [com.android.support:support-vector-drawable:26.1.0] AndroidManifest.xml:22:5-26:19
MERGED from [com.android.support:support-vector-drawable:26.1.0] AndroidManifest.xml:22:5-26:19
MERGED from [com.android.support:recyclerview-v7:26.1.0] AndroidManifest.xml:22:5-26:19
MERGED from [com.android.support:recyclerview-v7:26.1.0] AndroidManifest.xml:22:5-26:19
MERGED from [com.android.support:support-fragment:26.1.0] AndroidManifest.xml:25:5-29:19
MERGED from [com.android.support:support-fragment:26.1.0] AndroidManifest.xml:25:5-29:19
MERGED from [com.android.support:support-core-ui:26.1.0] AndroidManifest.xml:25:5-29:19
MERGED from [com.android.support:support-core-ui:26.1.0] AndroidManifest.xml:25:5-29:19
MERGED from [com.android.support:support-media-compat:26.1.0] AndroidManifest.xml:25:5-29:19
MERGED from [com.android.support:support-media-compat:26.1.0] AndroidManifest.xml:25:5-29:19
MERGED from [com.android.support:support-core-utils:26.1.0] AndroidManifest.xml:25:5-29:19
MERGED from [com.android.support:support-core-utils:26.1.0] AndroidManifest.xml:25:5-29:19
MERGED from [com.android.support:support-compat:26.1.0] AndroidManifest.xml:25:5-29:19
MERGED from [com.android.support:support-compat:26.1.0] AndroidManifest.xml:25:5-29:19
MERGED from [com.google.android.gms:play-services-ads-license:11.8.0] AndroidManifest.xml:5:5-20
MERGED from [com.google.android.gms:play-services-ads-license:11.8.0] AndroidManifest.xml:5:5-20
MERGED from [android.arch.lifecycle:runtime:1.0.0] AndroidManifest.xml:24:5-28:19
MERGED from [android.arch.lifecycle:runtime:1.0.0] AndroidManifest.xml:24:5-28:19
MERGED from [com.google.android.gms:play-services-ads-lite-license:11.8.0] AndroidManifest.xml:5:5-20
MERGED from [com.google.android.gms:play-services-ads-lite-license:11.8.0] AndroidManifest.xml:5:5-20
MERGED from [com.google.android.gms:play-services-basement-license:11.8.0] AndroidManifest.xml:5:5-20
MERGED from [com.google.android.gms:play-services-basement-license:11.8.0] AndroidManifest.xml:5:5-20
MERGED from [com.google.android.gms:play-services-gass-license:11.8.0] AndroidManifest.xml:5:5-20
MERGED from [com.google.android.gms:play-services-gass-license:11.8.0] AndroidManifest.xml:5:5-20
	android:supportsRtl
		ADDED from src/main/AndroidManifest.xml:13:9-35
	android:label
		ADDED from src/main/AndroidManifest.xml:12:9-41
	android:icon
		ADDED from src/main/AndroidManifest.xml:11:9-43
	android:allowBackup
		ADDED from src/main/AndroidManifest.xml:10:9-35
	android:theme
		ADDED from src/main/AndroidManifest.xml:14:9-40
activity#com.eajy.materialdesigndemo.activity.MainActivity
ADDED from src/main/AndroidManifest.xml:15:9-26:20
	android:label
		ADDED from src/main/AndroidManifest.xml:17:13-45
	android:launchMode
		ADDED from src/main/AndroidManifest.xml:18:13-43
	android:windowSoftInputMode
		ADDED from src/main/AndroidManifest.xml:20:13-69
	android:theme
		ADDED from src/main/AndroidManifest.xml:19:13-56
	android:name
		ADDED from src/main/AndroidManifest.xml:16:13-50
intent-filter#android.intent.action.MAIN+android.intent.category.LAUNCHER
ADDED from src/main/AndroidManifest.xml:21:13-25:29
action#android.intent.action.MAIN
ADDED from src/main/AndroidManifest.xml:22:17-69
	android:name
		ADDED from src/main/AndroidManifest.xml:22:25-66
category#android.intent.category.LAUNCHER
ADDED from src/main/AndroidManifest.xml:24:17-77
	android:name
		ADDED from src/main/AndroidManifest.xml:24:27-74
activity#com.eajy.materialdesigndemo.activity.LoginActivity
ADDED from src/main/AndroidManifest.xml:27:9-30:67
	android:parentActivityName
		ADDED from src/main/AndroidManifest.xml:30:13-64
	android:label
		ADDED from src/main/AndroidManifest.xml:29:13-57
	android:name
		ADDED from src/main/AndroidManifest.xml:28:13-51
activity#com.eajy.materialdesigndemo.activity.RecyclerViewActivity
ADDED from src/main/AndroidManifest.xml:31:9-35:69
	android:parentActivityName
		ADDED from src/main/AndroidManifest.xml:34:13-64
	android:label
		ADDED from src/main/AndroidManifest.xml:33:13-65
	android:theme
		ADDED from src/main/AndroidManifest.xml:35:13-66
	android:name
		ADDED from src/main/AndroidManifest.xml:32:13-58
activity#com.eajy.materialdesigndemo.activity.ShareViewActivity
ADDED from src/main/AndroidManifest.xml:36:9-39:69
	android:label
		ADDED from src/main/AndroidManifest.xml:38:13-62
	android:theme
		ADDED from src/main/AndroidManifest.xml:39:13-66
	android:name
		ADDED from src/main/AndroidManifest.xml:37:13-55
activity#com.eajy.materialdesigndemo.activity.ScrollingActivity
ADDED from src/main/AndroidManifest.xml:40:9-44:59
	android:parentActivityName
		ADDED from src/main/AndroidManifest.xml:43:13-64
	android:label
		ADDED from src/main/AndroidManifest.xml:42:13-61
	android:theme
		ADDED from src/main/AndroidManifest.xml:44:13-56
	android:name
		ADDED from src/main/AndroidManifest.xml:41:13-55
activity#com.eajy.materialdesigndemo.activity.FullscreenActivity
ADDED from src/main/AndroidManifest.xml:45:9-48:54
	android:configChanges
		ADDED from src/main/AndroidManifest.xml:47:13-74
	android:theme
		ADDED from src/main/AndroidManifest.xml:48:13-51
	android:name
		ADDED from src/main/AndroidManifest.xml:46:13-56
activity#com.eajy.materialdesigndemo.activity.BottomNavigationActivity
ADDED from src/main/AndroidManifest.xml:49:9-51:59
	android:theme
		ADDED from src/main/AndroidManifest.xml:51:13-56
	android:name
		ADDED from src/main/AndroidManifest.xml:50:13-62
activity#com.eajy.materialdesigndemo.activity.SettingsActivity
ADDED from src/main/AndroidManifest.xml:52:9-55:67
	android:parentActivityName
		ADDED from src/main/AndroidManifest.xml:55:13-64
	android:label
		ADDED from src/main/AndroidManifest.xml:54:13-60
	android:name
		ADDED from src/main/AndroidManifest.xml:53:13-54
activity#com.eajy.materialdesigndemo.activity.AboutActivity
ADDED from src/main/AndroidManifest.xml:56:9-60:69
	android:parentActivityName
		ADDED from src/main/AndroidManifest.xml:59:13-64
	android:label
		ADDED from src/main/AndroidManifest.xml:58:13-57
	android:theme
		ADDED from src/main/AndroidManifest.xml:60:13-66
	android:name
		ADDED from src/main/AndroidManifest.xml:57:13-51
activity#com.eajy.materialdesigndemo.activity.DonateActivity
ADDED from src/main/AndroidManifest.xml:61:9-65:69
	android:parentActivityName
		ADDED from src/main/AndroidManifest.xml:64:13-64
	android:label
		ADDED from src/main/AndroidManifest.xml:63:13-52
	android:theme
		ADDED from src/main/AndroidManifest.xml:65:13-66
	android:name
		ADDED from src/main/AndroidManifest.xml:62:13-52
meta-data#com.google.android.gms.version
ADDED from src/main/AndroidManifest.xml:67:9-69:69
MERGED from [com.google.android.gms:play-services-basement:11.8.0] AndroidManifest.xml:23:9-25:69
MERGED from [com.google.android.gms:play-services-basement:11.8.0] AndroidManifest.xml:23:9-25:69
	android:value
		ADDED from src/main/AndroidManifest.xml:69:13-66
	android:name
		ADDED from src/main/AndroidManifest.xml:68:13-58
activity#com.google.android.gms.ads.AdActivity
ADDED from src/main/AndroidManifest.xml:71:9-74:64
MERGED from [com.google.android.gms:play-services-ads-lite:11.8.0] AndroidManifest.xml:29:9-33:64
MERGED from [com.google.android.gms:play-services-ads-lite:11.8.0] AndroidManifest.xml:29:9-33:64
	android:exported
		ADDED from [com.google.android.gms:play-services-ads-lite:11.8.0] AndroidManifest.xml:32:13-37
	android:configChanges
		ADDED from src/main/AndroidManifest.xml:73:13-122
	android:theme
		ADDED from src/main/AndroidManifest.xml:74:13-61
	android:name
		ADDED from src/main/AndroidManifest.xml:72:13-65
activity#com.eajy.materialdesigndemo.activity.AirStrike
ADDED from src/main/AndroidManifest.xml:75:9-79:59
	android:parentActivityName
		ADDED from src/main/AndroidManifest.xml:78:13-64
	android:label
		ADDED from src/main/AndroidManifest.xml:77:13-61
	android:theme
		ADDED from src/main/AndroidManifest.xml:79:13-56
	android:name
		ADDED from src/main/AndroidManifest.xml:76:13-47
activity#com.eajy.materialdesigndemo.activity.Nirmaan
ADDED from src/main/AndroidManifest.xml:80:9-84:59
	android:parentActivityName
		ADDED from src/main/AndroidManifest.xml:83:13-64
	android:label
		ADDED from src/main/AndroidManifest.xml:82:13-42
	android:theme
		ADDED from src/main/AndroidManifest.xml:84:13-56
	android:name
		ADDED from src/main/AndroidManifest.xml:81:13-45
activity#com.eajy.materialdesigndemo.activity.TheRoboNight
ADDED from src/main/AndroidManifest.xml:85:9-89:59
	android:parentActivityName
		ADDED from src/main/AndroidManifest.xml:88:13-64
	android:label
		ADDED from src/main/AndroidManifest.xml:87:13-42
	android:theme
		ADDED from src/main/AndroidManifest.xml:89:13-56
	android:name
		ADDED from src/main/AndroidManifest.xml:86:13-50
activity#com.eajy.materialdesigndemo.activity.Roborace
ADDED from src/main/AndroidManifest.xml:90:9-94:59
	android:parentActivityName
		ADDED from src/main/AndroidManifest.xml:93:13-64
	android:label
		ADDED from src/main/AndroidManifest.xml:92:13-42
	android:theme
		ADDED from src/main/AndroidManifest.xml:94:13-56
	android:name
		ADDED from src/main/AndroidManifest.xml:91:13-46
activity#com.eajy.materialdesigndemo.activity.Fumes
ADDED from src/main/AndroidManifest.xml:95:9-99:59
	android:parentActivityName
		ADDED from src/main/AndroidManifest.xml:98:13-64
	android:label
		ADDED from src/main/AndroidManifest.xml:97:13-42
	android:theme
		ADDED from src/main/AndroidManifest.xml:99:13-56
	android:name
		ADDED from src/main/AndroidManifest.xml:96:13-43
activity#com.eajy.materialdesigndemo.activity.Chemwizz
ADDED from src/main/AndroidManifest.xml:100:9-104:59
	android:parentActivityName
		ADDED from src/main/AndroidManifest.xml:103:13-64
	android:label
		ADDED from src/main/AndroidManifest.xml:102:13-42
	android:theme
		ADDED from src/main/AndroidManifest.xml:104:13-56
	android:name
		ADDED from src/main/AndroidManifest.xml:101:13-46
activity#com.eajy.materialdesigndemo.activity.Codetrex
ADDED from src/main/AndroidManifest.xml:105:9-109:59
	android:parentActivityName
		ADDED from src/main/AndroidManifest.xml:108:13-64
	android:label
		ADDED from src/main/AndroidManifest.xml:107:13-42
	android:theme
		ADDED from src/main/AndroidManifest.xml:109:13-56
	android:name
		ADDED from src/main/AndroidManifest.xml:106:13-46
activity#com.eajy.materialdesigndemo.activity.AppAthon
ADDED from src/main/AndroidManifest.xml:110:9-114:59
	android:parentActivityName
		ADDED from src/main/AndroidManifest.xml:113:13-64
	android:label
		ADDED from src/main/AndroidManifest.xml:112:13-42
	android:theme
		ADDED from src/main/AndroidManifest.xml:114:13-56
	android:name
		ADDED from src/main/AndroidManifest.xml:111:13-46
activity#com.eajy.materialdesigndemo.activity.RuleTheSky
ADDED from src/main/AndroidManifest.xml:115:9-119:59
	android:parentActivityName
		ADDED from src/main/AndroidManifest.xml:118:13-64
	android:label
		ADDED from src/main/AndroidManifest.xml:117:13-42
	android:theme
		ADDED from src/main/AndroidManifest.xml:119:13-56
	android:name
		ADDED from src/main/AndroidManifest.xml:116:13-48
activity#com.eajy.materialdesigndemo.activity.LFR
ADDED from src/main/AndroidManifest.xml:120:9-124:59
	android:parentActivityName
		ADDED from src/main/AndroidManifest.xml:123:13-64
	android:label
		ADDED from src/main/AndroidManifest.xml:122:13-43
	android:theme
		ADDED from src/main/AndroidManifest.xml:124:13-56
	android:name
		ADDED from src/main/AndroidManifest.xml:121:13-41
activity#com.eajy.materialdesigndemo.activity.PlayWithCodes
ADDED from src/main/AndroidManifest.xml:125:9-129:59
	android:parentActivityName
		ADDED from src/main/AndroidManifest.xml:128:13-64
	android:label
		ADDED from src/main/AndroidManifest.xml:127:13-43
	android:theme
		ADDED from src/main/AndroidManifest.xml:129:13-56
	android:name
		ADDED from src/main/AndroidManifest.xml:126:13-51
activity#com.eajy.materialdesigndemo.activity.Crypto
ADDED from src/main/AndroidManifest.xml:130:9-134:59
	android:parentActivityName
		ADDED from src/main/AndroidManifest.xml:133:13-64
	android:label
		ADDED from src/main/AndroidManifest.xml:132:13-43
	android:theme
		ADDED from src/main/AndroidManifest.xml:134:13-56
	android:name
		ADDED from src/main/AndroidManifest.xml:131:13-44
activity#com.eajy.materialdesigndemo.activity.Electrade
ADDED from src/main/AndroidManifest.xml:135:9-139:59
	android:parentActivityName
		ADDED from src/main/AndroidManifest.xml:138:13-64
	android:label
		ADDED from src/main/AndroidManifest.xml:137:13-43
	android:theme
		ADDED from src/main/AndroidManifest.xml:139:13-56
	android:name
		ADDED from src/main/AndroidManifest.xml:136:13-47
activity#com.eajy.materialdesigndemo.activity.Electromatrix
ADDED from src/main/AndroidManifest.xml:140:9-144:59
	android:parentActivityName
		ADDED from src/main/AndroidManifest.xml:143:13-64
	android:label
		ADDED from src/main/AndroidManifest.xml:142:13-43
	android:theme
		ADDED from src/main/AndroidManifest.xml:144:13-56
	android:name
		ADDED from src/main/AndroidManifest.xml:141:13-51
activity#com.eajy.materialdesigndemo.activity.Junkyard
ADDED from src/main/AndroidManifest.xml:145:9-149:59
	android:parentActivityName
		ADDED from src/main/AndroidManifest.xml:148:13-64
	android:label
		ADDED from src/main/AndroidManifest.xml:147:13-43
	android:theme
		ADDED from src/main/AndroidManifest.xml:149:13-56
	android:name
		ADDED from src/main/AndroidManifest.xml:146:13-46
activity#com.eajy.materialdesigndemo.activity.tatva
ADDED from src/main/AndroidManifest.xml:150:9-154:59
	android:parentActivityName
		ADDED from src/main/AndroidManifest.xml:153:13-64
	android:label
		ADDED from src/main/AndroidManifest.xml:152:13-43
	android:theme
		ADDED from src/main/AndroidManifest.xml:154:13-56
	android:name
		ADDED from src/main/AndroidManifest.xml:151:13-43
activity#com.eajy.materialdesigndemo.activity.Quizomania
ADDED from src/main/AndroidManifest.xml:155:9-159:59
	android:parentActivityName
		ADDED from src/main/AndroidManifest.xml:158:13-64
	android:label
		ADDED from src/main/AndroidManifest.xml:157:13-43
	android:theme
		ADDED from src/main/AndroidManifest.xml:159:13-56
	android:name
		ADDED from src/main/AndroidManifest.xml:156:13-48
activity#com.eajy.materialdesigndemo.activity.StartUp
ADDED from src/main/AndroidManifest.xml:160:9-164:59
	android:parentActivityName
		ADDED from src/main/AndroidManifest.xml:163:13-64
	android:label
		ADDED from src/main/AndroidManifest.xml:162:13-43
	android:theme
		ADDED from src/main/AndroidManifest.xml:164:13-56
	android:name
		ADDED from src/main/AndroidManifest.xml:161:13-45
activity#com.eajy.materialdesigndemo.activity.Hitz
ADDED from src/main/AndroidManifest.xml:165:9-169:59
	android:parentActivityName
		ADDED from src/main/AndroidManifest.xml:168:13-64
	android:label
		ADDED from src/main/AndroidManifest.xml:167:13-43
	android:theme
		ADDED from src/main/AndroidManifest.xml:169:13-56
	android:name
		ADDED from src/main/AndroidManifest.xml:166:13-42
activity#com.eajy.materialdesigndemo.activity.CrackCat
ADDED from src/main/AndroidManifest.xml:170:9-174:59
	android:parentActivityName
		ADDED from src/main/AndroidManifest.xml:173:13-64
	android:label
		ADDED from src/main/AndroidManifest.xml:172:13-43
	android:theme
		ADDED from src/main/AndroidManifest.xml:174:13-56
	android:name
		ADDED from src/main/AndroidManifest.xml:171:13-46
activity#com.eajy.materialdesigndemo.activity.AdWar
ADDED from src/main/AndroidManifest.xml:175:9-179:59
	android:parentActivityName
		ADDED from src/main/AndroidManifest.xml:178:13-64
	android:label
		ADDED from src/main/AndroidManifest.xml:177:13-41
	android:theme
		ADDED from src/main/AndroidManifest.xml:179:13-56
	android:name
		ADDED from src/main/AndroidManifest.xml:176:13-43
activity#com.eajy.materialdesigndemo.activity.OpenMic
ADDED from src/main/AndroidManifest.xml:180:9-184:59
	android:parentActivityName
		ADDED from src/main/AndroidManifest.xml:183:13-64
	android:label
		ADDED from src/main/AndroidManifest.xml:182:13-41
	android:theme
		ADDED from src/main/AndroidManifest.xml:184:13-56
	android:name
		ADDED from src/main/AndroidManifest.xml:181:13-45
activity#com.eajy.materialdesigndemo.activity.TheVoice
ADDED from src/main/AndroidManifest.xml:185:9-189:59
	android:parentActivityName
		ADDED from src/main/AndroidManifest.xml:188:13-64
	android:label
		ADDED from src/main/AndroidManifest.xml:187:13-41
	android:theme
		ADDED from src/main/AndroidManifest.xml:189:13-56
	android:name
		ADDED from src/main/AndroidManifest.xml:186:13-46
activity#com.eajy.materialdesigndemo.activity.DanceFever
ADDED from src/main/AndroidManifest.xml:190:9-194:59
	android:parentActivityName
		ADDED from src/main/AndroidManifest.xml:193:13-64
	android:label
		ADDED from src/main/AndroidManifest.xml:192:13-41
	android:theme
		ADDED from src/main/AndroidManifest.xml:194:13-56
	android:name
		ADDED from src/main/AndroidManifest.xml:191:13-48
activity#com.eajy.materialdesigndemo.activity.Parliament
ADDED from src/main/AndroidManifest.xml:195:9-199:59
	android:parentActivityName
		ADDED from src/main/AndroidManifest.xml:198:13-64
	android:label
		ADDED from src/main/AndroidManifest.xml:197:13-41
	android:theme
		ADDED from src/main/AndroidManifest.xml:199:13-56
	android:name
		ADDED from src/main/AndroidManifest.xml:196:13-48
activity#com.eajy.materialdesigndemo.activity.OnceUpon
ADDED from src/main/AndroidManifest.xml:200:9-204:59
	android:parentActivityName
		ADDED from src/main/AndroidManifest.xml:203:13-64
	android:label
		ADDED from src/main/AndroidManifest.xml:202:13-41
	android:theme
		ADDED from src/main/AndroidManifest.xml:204:13-56
	android:name
		ADDED from src/main/AndroidManifest.xml:201:13-46
activity#com.eajy.materialdesigndemo.activity.NukkadNatak
ADDED from src/main/AndroidManifest.xml:205:9-209:59
	android:parentActivityName
		ADDED from src/main/AndroidManifest.xml:208:13-64
	android:label
		ADDED from src/main/AndroidManifest.xml:207:13-41
	android:theme
		ADDED from src/main/AndroidManifest.xml:209:13-56
	android:name
		ADDED from src/main/AndroidManifest.xml:206:13-49
activity#com.eajy.materialdesigndemo.activity.TheStage
ADDED from src/main/AndroidManifest.xml:210:9-214:59
	android:parentActivityName
		ADDED from src/main/AndroidManifest.xml:213:13-64
	android:label
		ADDED from src/main/AndroidManifest.xml:212:13-41
	android:theme
		ADDED from src/main/AndroidManifest.xml:214:13-56
	android:name
		ADDED from src/main/AndroidManifest.xml:211:13-46
activity#com.eajy.materialdesigndemo.activity.Fashionnova
ADDED from src/main/AndroidManifest.xml:215:9-219:59
	android:parentActivityName
		ADDED from src/main/AndroidManifest.xml:218:13-64
	android:label
		ADDED from src/main/AndroidManifest.xml:217:13-41
	android:theme
		ADDED from src/main/AndroidManifest.xml:219:13-56
	android:name
		ADDED from src/main/AndroidManifest.xml:216:13-49
activity#com.eajy.materialdesigndemo.activity.Shayari
ADDED from src/main/AndroidManifest.xml:220:9-224:59
	android:parentActivityName
		ADDED from src/main/AndroidManifest.xml:223:13-64
	android:label
		ADDED from src/main/AndroidManifest.xml:222:13-42
	android:theme
		ADDED from src/main/AndroidManifest.xml:224:13-56
	android:name
		ADDED from src/main/AndroidManifest.xml:221:13-45
activity#com.eajy.materialdesigndemo.activity.ShowBuzz
ADDED from src/main/AndroidManifest.xml:225:9-229:59
	android:parentActivityName
		ADDED from src/main/AndroidManifest.xml:228:13-64
	android:label
		ADDED from src/main/AndroidManifest.xml:227:13-42
	android:theme
		ADDED from src/main/AndroidManifest.xml:229:13-56
	android:name
		ADDED from src/main/AndroidManifest.xml:226:13-46
activity#com.eajy.materialdesigndemo.activity.Pixel
ADDED from src/main/AndroidManifest.xml:230:9-234:59
	android:parentActivityName
		ADDED from src/main/AndroidManifest.xml:233:13-64
	android:label
		ADDED from src/main/AndroidManifest.xml:232:13-42
	android:theme
		ADDED from src/main/AndroidManifest.xml:234:13-56
	android:name
		ADDED from src/main/AndroidManifest.xml:231:13-43
activity#com.eajy.materialdesigndemo.activity.StockKing
ADDED from src/main/AndroidManifest.xml:235:9-239:59
	android:parentActivityName
		ADDED from src/main/AndroidManifest.xml:238:13-64
	android:label
		ADDED from src/main/AndroidManifest.xml:237:13-42
	android:theme
		ADDED from src/main/AndroidManifest.xml:239:13-56
	android:name
		ADDED from src/main/AndroidManifest.xml:236:13-47
activity#com.eajy.materialdesigndemo.activity.TreasureHunt
ADDED from src/main/AndroidManifest.xml:240:9-244:59
	android:parentActivityName
		ADDED from src/main/AndroidManifest.xml:243:13-64
	android:label
		ADDED from src/main/AndroidManifest.xml:242:13-42
	android:theme
		ADDED from src/main/AndroidManifest.xml:244:13-56
	android:name
		ADDED from src/main/AndroidManifest.xml:241:13-50
activity#com.eajy.materialdesigndemo.activity.SpellBee
ADDED from src/main/AndroidManifest.xml:245:9-249:59
	android:parentActivityName
		ADDED from src/main/AndroidManifest.xml:248:13-64
	android:label
		ADDED from src/main/AndroidManifest.xml:247:13-42
	android:theme
		ADDED from src/main/AndroidManifest.xml:249:13-56
	android:name
		ADDED from src/main/AndroidManifest.xml:246:13-46
activity#com.eajy.materialdesigndemo.activity.Checkmate
ADDED from src/main/AndroidManifest.xml:250:9-253:58
	android:parentActivityName
		ADDED from src/main/AndroidManifest.xml:252:13-64
	android:label
		ADDED from src/main/AndroidManifest.xml:251:13-43
	android:theme
		ADDED from src/main/AndroidManifest.xml:253:13-56
	android:name
		ADDED from src/main/AndroidManifest.xml:250:19-53
activity#com.eajy.materialdesigndemo.activity.marathon
ADDED from src/main/AndroidManifest.xml:254:9-257:58
	android:parentActivityName
		ADDED from src/main/AndroidManifest.xml:256:13-64
	android:label
		ADDED from src/main/AndroidManifest.xml:255:13-43
	android:theme
		ADDED from src/main/AndroidManifest.xml:257:13-56
	android:name
		ADDED from src/main/AndroidManifest.xml:254:19-52
activity#com.eajy.materialdesigndemo.activity.Soccer
ADDED from src/main/AndroidManifest.xml:258:9-261:58
	android:parentActivityName
		ADDED from src/main/AndroidManifest.xml:260:13-64
	android:label
		ADDED from src/main/AndroidManifest.xml:259:13-43
	android:theme
		ADDED from src/main/AndroidManifest.xml:261:13-56
	android:name
		ADDED from src/main/AndroidManifest.xml:258:19-50
activity#com.eajy.materialdesigndemo.activity.TableTennis
ADDED from src/main/AndroidManifest.xml:262:9-265:58
	android:parentActivityName
		ADDED from src/main/AndroidManifest.xml:264:13-64
	android:label
		ADDED from src/main/AndroidManifest.xml:263:13-43
	android:theme
		ADDED from src/main/AndroidManifest.xml:265:13-56
	android:name
		ADDED from src/main/AndroidManifest.xml:262:19-55
activity#com.eajy.materialdesigndemo.activity.Badminton
ADDED from src/main/AndroidManifest.xml:266:9-269:58
	android:parentActivityName
		ADDED from src/main/AndroidManifest.xml:268:13-64
	android:label
		ADDED from src/main/AndroidManifest.xml:267:13-43
	android:theme
		ADDED from src/main/AndroidManifest.xml:269:13-56
	android:name
		ADDED from src/main/AndroidManifest.xml:266:19-53
activity#com.eajy.materialdesigndemo.activity.Basketball
ADDED from src/main/AndroidManifest.xml:270:9-273:58
	android:parentActivityName
		ADDED from src/main/AndroidManifest.xml:272:13-64
	android:label
		ADDED from src/main/AndroidManifest.xml:271:13-43
	android:theme
		ADDED from src/main/AndroidManifest.xml:273:13-56
	android:name
		ADDED from src/main/AndroidManifest.xml:270:19-54
activity#com.eajy.materialdesigndemo.activity.LanGaming
ADDED from src/main/AndroidManifest.xml:274:9-277:58
	android:parentActivityName
		ADDED from src/main/AndroidManifest.xml:276:13-64
	android:label
		ADDED from src/main/AndroidManifest.xml:275:13-43
	android:theme
		ADDED from src/main/AndroidManifest.xml:277:13-56
	android:name
		ADDED from src/main/AndroidManifest.xml:274:19-53
activity#com.eajy.materialdesigndemo.activity.Archery
ADDED from src/main/AndroidManifest.xml:278:9-281:58
	android:parentActivityName
		ADDED from src/main/AndroidManifest.xml:280:13-64
	android:label
		ADDED from src/main/AndroidManifest.xml:279:13-43
	android:theme
		ADDED from src/main/AndroidManifest.xml:281:13-56
	android:name